2025-10-24 10:08:30,269 - keyword_analyzer - INFO - 日志文件已创建: D:\pythonproject\seo-select\logs\keyword_analysis_20251024_100830.log
2025-10-24 10:08:30,273 - keyword_analyzer - INFO - 已加载.env文件: D:\pythonproject\seo-select\.env
2025-10-24 10:08:30,273 - keyword_analyzer - INFO - 开始从keywords.md文件读取关键词
2025-10-24 10:08:30,273 - keyword_analyzer - INFO - 开始从markdown文件读取关键词筛选规则，文件夹: data
2025-10-24 10:08:30,274 - keyword_analyzer - INFO - 发现markdown文件: data\keywords.md
2025-10-24 10:08:30,274 - keyword_analyzer - INFO - 从 data\keywords.md 读取了 2 个关键词
2025-10-24 10:08:30,274 - keyword_analyzer - INFO - 已加载关键词筛选规则，共 2 个关键词
2025-10-24 10:08:30,275 - keyword_analyzer - INFO - 从keywords.md读取到的关键词模式: powerpoint|slide
2025-10-24 10:08:30,275 - keyword_analyzer - INFO - 已设置默认关键词模式: powerpoint|slide
2025-10-24 10:08:30,275 - keyword_analyzer - INFO - 已配置通义模型: tongyi
2025-10-24 10:08:30,282 - keyword_analyzer - INFO - 已加载.env文件: D:\pythonproject\seo-select\.env
2025-10-24 10:08:30,283 - keyword_analyzer - INFO - 开始从keywords.md文件读取关键词
2025-10-24 10:08:30,283 - keyword_analyzer - INFO - 开始从markdown文件读取关键词筛选规则，文件夹: data
2025-10-24 10:08:30,284 - keyword_analyzer - INFO - 发现markdown文件: data\keywords.md
2025-10-24 10:08:30,284 - keyword_analyzer - INFO - 从 data\keywords.md 读取了 2 个关键词
2025-10-24 10:08:30,285 - keyword_analyzer - INFO - 已加载关键词筛选规则，共 2 个关键词
2025-10-24 10:08:30,285 - keyword_analyzer - INFO - 从keywords.md读取到的关键词模式: powerpoint|slide
2025-10-24 10:08:30,285 - keyword_analyzer - INFO - 已设置默认关键词模式: powerpoint|slide
2025-10-24 10:08:30,285 - keyword_analyzer - INFO - 已配置通义模型: tongyi
2025-10-24 13:40:44,617 - keyword_analyzer - INFO - 提取到 2 个关键词规则
2025-10-24 13:40:44,618 - keyword_analyzer - INFO - 关键词规则已成功保存到: data\keywords.md
2025-10-24 13:40:44,619 - keyword_analyzer - INFO - 从文件加载了 2 个关键词规则
2025-10-24 13:40:52,392 - keyword_analyzer - INFO - 配置已保存到: D:\pythonproject\seo-select\.env
2025-10-24 13:40:54,089 - keyword_analyzer - INFO - 初始化时设置默认关键词模式: slide|ppt|powerpoint|presentation
2025-10-24 13:40:54,128 - keyword_analyzer - INFO - 调用read_keyword_patterns_from_markdown方法
2025-10-24 13:40:54,129 - keyword_analyzer - INFO - 从markdown文件读取关键词筛选条件: keywords.md
2025-10-24 13:40:54,130 - keyword_analyzer - INFO - 已更新关键词筛选条件，共 2 个关键词
2025-10-24 13:40:54,131 - keyword_analyzer - INFO - 关键词模式: powerpoint|slide
2025-10-24 13:40:54,132 - keyword_analyzer - INFO - 从markdown文件读取关键词筛选条件: keywords.md
2025-10-24 13:40:54,133 - keyword_analyzer - INFO - 已更新关键词筛选条件，共 2 个关键词
2025-10-24 13:40:54,133 - keyword_analyzer - INFO - 关键词模式: powerpoint|slide
2025-10-24 13:40:54,134 - keyword_analyzer - INFO - 开始关键词分析流程...
2025-10-24 13:40:54,134 - keyword_analyzer - INFO - 从markdown文件读取关键词筛选条件: keywords.md
2025-10-24 13:40:54,134 - keyword_analyzer - INFO - 已更新关键词筛选条件，共 2 个关键词
2025-10-24 13:40:54,135 - keyword_analyzer - INFO - 关键词模式: powerpoint|slide
2025-10-24 13:40:54,135 - keyword_analyzer - INFO - 找到 2 个Excel文件
2025-10-24 13:40:54,135 - keyword_analyzer - INFO - - upload_20251024_134054_076.xlsx
2025-10-24 13:40:54,135 - keyword_analyzer - INFO - - upload_20251024_134054_078.xlsx
2025-10-24 13:40:54,671 - keyword_analyzer - INFO - 处理文件: upload_20251024_134054_076.xlsx
2025-10-24 13:40:54,671 - keyword_analyzer - INFO - 文件形状: (83, 3)
2025-10-24 13:40:54,672 - keyword_analyzer - INFO - 列名: ['Keyword', 'Volume', 'Keyword Difficulty']
2025-10-24 13:40:54,695 - keyword_analyzer - INFO - 处理文件: upload_20251024_134054_078.xlsx
2025-10-24 13:40:54,695 - keyword_analyzer - INFO - 文件形状: (24, 9)
2025-10-24 13:40:54,695 - keyword_analyzer - INFO - 列名: ['Keyword', 'Intent', 'Volume', 'Trend', 'Keyword Difficulty', 'CPC (USD)', 'Competitive Density', 'SERP Features', 'Number of Results']
2025-10-24 13:40:54,702 - keyword_analyzer - INFO - 在文件 upload_20251024_134054_076.xlsx 中找到关键词列: Keyword
2025-10-24 13:40:54,711 - keyword_analyzer - INFO - 筛选后关键词数量: 83
2025-10-24 13:40:54,715 - keyword_analyzer - INFO - 在文件 upload_20251024_134054_076.xlsx 中找到搜索量列: Volume
2025-10-24 13:40:54,717 - keyword_analyzer - INFO - 在文件 upload_20251024_134054_078.xlsx 中找到关键词列: Keyword
2025-10-24 13:40:54,719 - keyword_analyzer - INFO - 筛选后关键词数量: 24
2025-10-24 13:40:54,720 - keyword_analyzer - INFO - 在文件 upload_20251024_134054_078.xlsx 中找到搜索量列: Volume
2025-10-24 13:40:54,728 - keyword_analyzer - INFO - 所有文件合并后筛选的关键词总数: 107
2025-10-24 13:40:54,728 - keyword_analyzer - INFO - 开始分析关键词 - 总数量: 107
2025-10-24 13:40:54,728 - keyword_analyzer - INFO - 使用关键词列: Keyword
2025-10-24 13:40:54,733 - keyword_analyzer - INFO - 去重后关键词数量: 107
2025-10-24 13:40:54,734 - keyword_analyzer - INFO - 使用搜索量列: volume
2025-10-24 13:40:54,734 - keyword_analyzer - INFO - 开始批量处理关键词分类
2025-10-24 13:41:07,399 - keyword_analyzer - INFO - 已处理 10/107 个关键词
2025-10-24 13:41:18,565 - keyword_analyzer - INFO - 已处理 20/107 个关键词
2025-10-24 13:41:31,520 - keyword_analyzer - INFO - 已处理 30/107 个关键词
2025-10-24 13:41:47,516 - keyword_analyzer - INFO - 已处理 40/107 个关键词
2025-10-24 13:41:58,648 - keyword_analyzer - INFO - 已处理 50/107 个关键词
2025-10-24 13:42:10,799 - keyword_analyzer - INFO - 已处理 60/107 个关键词
2025-10-24 13:42:22,653 - keyword_analyzer - INFO - 已处理 70/107 个关键词
2025-10-24 13:42:33,262 - keyword_analyzer - INFO - 已处理 80/107 个关键词
2025-10-24 13:42:45,120 - keyword_analyzer - INFO - 已处理 90/107 个关键词
2025-10-24 13:42:57,377 - keyword_analyzer - INFO - 已处理 100/107 个关键词
2025-10-24 13:43:06,555 - keyword_analyzer - INFO - 关键词分类完成
2025-10-24 13:43:06,595 - keyword_analyzer - INFO - 开始导出Excel文件: D:\pythonproject\seo-select\uploads\results_20251024_134054_088\keyword_analysis_20251024_134306.xlsx
2025-10-24 13:43:06,690 - keyword_analyzer - INFO - Excel文件导出成功: D:\pythonproject\seo-select\uploads\results_20251024_134054_088\keyword_analysis_20251024_134306.xlsx
2025-10-24 13:43:06,690 - keyword_analyzer - INFO - 分析完成，结果已导出到: D:\pythonproject\seo-select\uploads\results_20251024_134054_088\keyword_analysis_20251024_134306.xlsx
2025-10-24 13:43:06,691 - keyword_analyzer - INFO - 关键词分析完成！
2025-10-24 13:43:06,691 - keyword_analyzer - INFO - 总关键词数量: 107
2025-10-24 13:43:06,691 - keyword_analyzer - INFO - 主题数量: 73
2025-10-24 13:43:06,691 - keyword_analyzer - INFO - 结果文件: D:\pythonproject\seo-select\uploads\results_20251024_134054_088\keyword_analysis_20251024_134306.xlsx
