2025-10-24 14:13:57,867 - keyword_analyzer - INFO - 日志文件已创建: D:\pythonproject\seo-select\logs\keyword_analysis_20251024_141357.log
2025-10-24 14:13:57,870 - keyword_analyzer - INFO - 已加载.env文件: D:\pythonproject\seo-select\.env
2025-10-24 14:13:57,870 - keyword_analyzer - INFO - 开始从keywords.md文件读取关键词
2025-10-24 14:13:57,870 - keyword_analyzer - INFO - 开始从markdown文件读取关键词筛选规则，文件夹: data
2025-10-24 14:13:57,870 - keyword_analyzer - INFO - 发现markdown文件: data\keywords.md
2025-10-24 14:13:57,870 - keyword_analyzer - INFO - 从 data\keywords.md 读取了 1 个关键词
2025-10-24 14:13:57,870 - keyword_analyzer - INFO - 已加载关键词筛选规则，共 1 个关键词
2025-10-24 14:13:57,871 - keyword_analyzer - INFO - 从keywords.md读取到的关键词模式: powepoint
2025-10-24 14:13:57,871 - keyword_analyzer - INFO - 已设置默认关键词模式: powepoint
2025-10-24 14:13:57,871 - keyword_analyzer - INFO - 已配置通义模型: tongyi
2025-10-24 14:13:57,877 - keyword_analyzer - INFO - 已加载.env文件: D:\pythonproject\seo-select\.env
2025-10-24 14:13:57,877 - keyword_analyzer - INFO - 开始从keywords.md文件读取关键词
2025-10-24 14:13:57,877 - keyword_analyzer - INFO - 开始从markdown文件读取关键词筛选规则，文件夹: data
2025-10-24 14:13:57,877 - keyword_analyzer - INFO - 发现markdown文件: data\keywords.md
2025-10-24 14:13:57,877 - keyword_analyzer - INFO - 从 data\keywords.md 读取了 1 个关键词
2025-10-24 14:13:57,877 - keyword_analyzer - INFO - 已加载关键词筛选规则，共 1 个关键词
2025-10-24 14:13:57,879 - keyword_analyzer - INFO - 从keywords.md读取到的关键词模式: powepoint
2025-10-24 14:13:57,879 - keyword_analyzer - INFO - 已设置默认关键词模式: powepoint
2025-10-24 14:13:57,880 - keyword_analyzer - INFO - 已配置通义模型: tongyi
2025-10-24 14:13:57,999 - keyword_analyzer - INFO - 日志文件已创建: D:\pythonproject\seo-select\logs\keyword_analysis_20251024_141357.log
2025-10-24 14:13:58,002 - keyword_analyzer - INFO - 已加载.env文件: D:\pythonproject\seo-select\.env
2025-10-24 14:13:58,002 - keyword_analyzer - INFO - 开始从keywords.md文件读取关键词
2025-10-24 14:13:58,002 - keyword_analyzer - INFO - 开始从markdown文件读取关键词筛选规则，文件夹: data
2025-10-24 14:13:58,003 - keyword_analyzer - INFO - 发现markdown文件: data\keywords.md
2025-10-24 14:13:58,003 - keyword_analyzer - INFO - 从 data\keywords.md 读取了 1 个关键词
2025-10-24 14:13:58,003 - keyword_analyzer - INFO - 已加载关键词筛选规则，共 1 个关键词
2025-10-24 14:13:58,003 - keyword_analyzer - INFO - 从keywords.md读取到的关键词模式: powepoint
2025-10-24 14:13:58,003 - keyword_analyzer - INFO - 已设置默认关键词模式: powepoint
2025-10-24 14:13:58,003 - keyword_analyzer - INFO - 已配置通义模型: tongyi
2025-10-24 14:13:58,008 - keyword_analyzer - INFO - 已加载.env文件: D:\pythonproject\seo-select\.env
2025-10-24 14:13:58,008 - keyword_analyzer - INFO - 开始从keywords.md文件读取关键词
2025-10-24 14:13:58,008 - keyword_analyzer - INFO - 开始从markdown文件读取关键词筛选规则，文件夹: data
2025-10-24 14:13:58,008 - keyword_analyzer - INFO - 发现markdown文件: data\keywords.md
2025-10-24 14:13:58,009 - keyword_analyzer - INFO - 从 data\keywords.md 读取了 1 个关键词
2025-10-24 14:13:58,009 - keyword_analyzer - INFO - 已加载关键词筛选规则，共 1 个关键词
2025-10-24 14:13:58,009 - keyword_analyzer - INFO - 从keywords.md读取到的关键词模式: powepoint
2025-10-24 14:13:58,009 - keyword_analyzer - INFO - 已设置默认关键词模式: powepoint
2025-10-24 14:13:58,009 - keyword_analyzer - INFO - 已配置通义模型: tongyi
