2025-10-21 18:51:54,876 - keyword_analyzer - INFO - 日志文件已创建: D:\pythonproject\seo-select\logs\keyword_analysis_20251021_185154.log
2025-10-21 18:51:54,884 - keyword_analyzer - INFO - 已加载.env文件: D:\pythonproject\seo-select\.env
2025-10-21 18:51:54,885 - keyword_analyzer - INFO - 开始从keywords.md文件读取关键词
2025-10-21 18:51:54,885 - keyword_analyzer - INFO - 开始从markdown文件读取关键词筛选规则，文件夹: data
2025-10-21 18:51:54,885 - keyword_analyzer - INFO - 发现markdown文件: data\keywords.md
2025-10-21 18:51:54,886 - keyword_analyzer - INFO - 从 data\keywords.md 读取了 1 个关键词
2025-10-21 18:51:54,886 - keyword_analyzer - INFO - 已加载关键词筛选规则，共 1 个关键词
2025-10-21 18:51:54,887 - keyword_analyzer - INFO - 从keywords.md读取到的关键词模式: powerpoint
2025-10-21 18:51:54,887 - keyword_analyzer - INFO - 已设置默认关键词模式: powerpoint
2025-10-21 18:51:54,887 - keyword_analyzer - INFO - 已配置通义模型: tongyi
2025-10-21 18:51:54,891 - keyword_analyzer - INFO - 已加载.env文件: D:\pythonproject\seo-select\.env
2025-10-21 18:51:54,892 - keyword_analyzer - INFO - 开始从keywords.md文件读取关键词
2025-10-21 18:51:54,892 - keyword_analyzer - INFO - 开始从markdown文件读取关键词筛选规则，文件夹: data
2025-10-21 18:51:54,892 - keyword_analyzer - INFO - 发现markdown文件: data\keywords.md
2025-10-21 18:51:54,893 - keyword_analyzer - INFO - 从 data\keywords.md 读取了 1 个关键词
2025-10-21 18:51:54,893 - keyword_analyzer - INFO - 已加载关键词筛选规则，共 1 个关键词
2025-10-21 18:51:54,893 - keyword_analyzer - INFO - 从keywords.md读取到的关键词模式: powerpoint
2025-10-21 18:51:54,893 - keyword_analyzer - INFO - 已设置默认关键词模式: powerpoint
2025-10-21 18:51:54,893 - keyword_analyzer - INFO - 已配置通义模型: tongyi
2025-10-21 18:52:10,672 - keyword_analyzer - INFO - 初始化时设置默认关键词模式: slide|ppt|powerpoint|presentation
2025-10-21 18:52:10,674 - keyword_analyzer - INFO - 调用read_keyword_patterns_from_markdown方法
2025-10-21 18:52:10,674 - keyword_analyzer - INFO - 从markdown文件读取关键词筛选条件: keywords.md
2025-10-21 18:52:10,675 - keyword_analyzer - INFO - 已更新关键词筛选条件，共 1 个关键词
2025-10-21 18:52:10,675 - keyword_analyzer - INFO - 关键词模式: powerpoint
2025-10-21 18:52:10,675 - keyword_analyzer - INFO - 从markdown文件读取关键词筛选条件: keywords.md
2025-10-21 18:52:10,677 - keyword_analyzer - INFO - 已更新关键词筛选条件，共 1 个关键词
2025-10-21 18:52:10,677 - keyword_analyzer - INFO - 关键词模式: powerpoint
2025-10-21 18:52:10,677 - keyword_analyzer - INFO - 开始关键词分析流程...
2025-10-21 18:52:10,678 - keyword_analyzer - INFO - 从markdown文件读取关键词筛选条件: keywords.md
2025-10-21 18:52:10,678 - keyword_analyzer - INFO - 已更新关键词筛选条件，共 1 个关键词
2025-10-21 18:52:10,678 - keyword_analyzer - INFO - 关键词模式: powerpoint
2025-10-21 18:52:10,679 - keyword_analyzer - INFO - 找到 1 个Excel文件
2025-10-21 18:52:10,680 - keyword_analyzer - INFO - - ai-powerpoint_broad-match_us_2025-05-13.xlsx
2025-10-21 18:52:11,001 - keyword_analyzer - INFO - 处理文件: ai-powerpoint_broad-match_us_2025-05-13.xlsx
2025-10-21 18:52:11,001 - keyword_analyzer - INFO - 文件形状: (24, 9)
2025-10-21 18:52:11,001 - keyword_analyzer - INFO - 列名: ['Keyword', 'Intent', 'Volume', 'Trend', 'Keyword Difficulty', 'CPC (USD)', 'Competitive Density', 'SERP Features', 'Number of Results']
2025-10-21 18:52:11,002 - keyword_analyzer - INFO - 在文件 ai-powerpoint_broad-match_us_2025-05-13.xlsx 中找到关键词列: Keyword
2025-10-21 18:52:11,003 - keyword_analyzer - INFO - 筛选后关键词数量: 24
2025-10-21 18:52:11,004 - keyword_analyzer - INFO - 在文件 ai-powerpoint_broad-match_us_2025-05-13.xlsx 中找到搜索量列: Volume
2025-10-21 18:52:11,004 - keyword_analyzer - INFO - 所有文件合并后筛选的关键词总数: 24
2025-10-21 18:52:11,005 - keyword_analyzer - INFO - 开始分析关键词 - 总数量: 24
2025-10-21 18:52:11,005 - keyword_analyzer - INFO - 使用关键词列: Keyword
2025-10-21 18:52:11,005 - keyword_analyzer - INFO - 去重后关键词数量: 24
2025-10-21 18:52:11,005 - keyword_analyzer - INFO - 使用搜索量列: volume
2025-10-21 18:52:11,006 - keyword_analyzer - INFO - 开始批量处理关键词分类
2025-10-21 18:52:15,998 - keyword_analyzer - INFO - 已处理 10/24 个关键词
2025-10-21 18:52:21,344 - keyword_analyzer - INFO - 已处理 20/24 个关键词
2025-10-21 18:52:25,107 - keyword_analyzer - INFO - 关键词分类完成
2025-10-21 18:52:25,123 - keyword_analyzer - INFO - 开始导出Excel文件: D:\pythonproject\seo-select\uploads\results_20251021_185210_671\keyword_analysis_20251021_185225.xlsx
2025-10-21 18:52:25,189 - keyword_analyzer - INFO - Excel文件导出成功: D:\pythonproject\seo-select\uploads\results_20251021_185210_671\keyword_analysis_20251021_185225.xlsx
2025-10-21 18:52:25,189 - keyword_analyzer - INFO - 分析完成，结果已导出到: D:\pythonproject\seo-select\uploads\results_20251021_185210_671\keyword_analysis_20251021_185225.xlsx
2025-10-21 18:52:25,189 - keyword_analyzer - INFO - 关键词分析完成！
2025-10-21 18:52:25,190 - keyword_analyzer - INFO - 总关键词数量: 24
2025-10-21 18:52:25,190 - keyword_analyzer - INFO - 主题数量: 19
2025-10-21 18:52:25,190 - keyword_analyzer - INFO - 结果文件: D:\pythonproject\seo-select\uploads\results_20251021_185210_671\keyword_analysis_20251021_185225.xlsx
