2025-10-24 14:53:03,389 - keyword_analyzer - INFO - 日志文件已创建: D:\pythonproject\seo-select\logs\keyword_analysis_20251024_145303.log
2025-10-24 14:53:03,391 - keyword_analyzer - INFO - 已加载.env文件: D:\pythonproject\seo-select\.env
2025-10-24 14:53:03,391 - keyword_analyzer - INFO - 开始从keywords.md文件读取关键词
2025-10-24 14:53:03,391 - keyword_analyzer - INFO - 开始从markdown文件读取关键词筛选规则，文件夹: data
2025-10-24 14:53:03,391 - keyword_analyzer - INFO - 发现markdown文件: data\keywords.md
2025-10-24 14:53:03,392 - keyword_analyzer - INFO - 从 data\keywords.md 读取了 1 个关键词
2025-10-24 14:53:03,392 - keyword_analyzer - INFO - 已加载关键词筛选规则，共 1 个关键词
2025-10-24 14:53:03,392 - keyword_analyzer - INFO - 从keywords.md读取到的关键词模式: powerpoint
2025-10-24 14:53:03,392 - keyword_analyzer - INFO - 已设置默认关键词模式: powerpoint
2025-10-24 14:53:03,392 - keyword_analyzer - INFO - 已配置通义模型: tongyi
2025-10-24 14:53:03,401 - keyword_analyzer - INFO - 已加载.env文件: D:\pythonproject\seo-select\.env
2025-10-24 14:53:03,401 - keyword_analyzer - INFO - 开始从keywords.md文件读取关键词
2025-10-24 14:53:03,401 - keyword_analyzer - INFO - 开始从markdown文件读取关键词筛选规则，文件夹: data
2025-10-24 14:53:03,401 - keyword_analyzer - INFO - 发现markdown文件: data\keywords.md
2025-10-24 14:53:03,401 - keyword_analyzer - INFO - 从 data\keywords.md 读取了 1 个关键词
2025-10-24 14:53:03,401 - keyword_analyzer - INFO - 已加载关键词筛选规则，共 1 个关键词
2025-10-24 14:53:03,401 - keyword_analyzer - INFO - 从keywords.md读取到的关键词模式: powerpoint
2025-10-24 14:53:03,402 - keyword_analyzer - INFO - 已设置默认关键词模式: powerpoint
2025-10-24 14:53:03,402 - keyword_analyzer - INFO - 已配置通义模型: tongyi
2025-10-24 14:53:03,604 - keyword_analyzer - INFO - 日志文件已创建: D:\pythonproject\seo-select\logs\keyword_analysis_20251024_145303.log
2025-10-24 14:53:03,606 - keyword_analyzer - INFO - 已加载.env文件: D:\pythonproject\seo-select\.env
2025-10-24 14:53:03,606 - keyword_analyzer - INFO - 开始从keywords.md文件读取关键词
2025-10-24 14:53:03,606 - keyword_analyzer - INFO - 开始从markdown文件读取关键词筛选规则，文件夹: data
2025-10-24 14:53:03,606 - keyword_analyzer - INFO - 发现markdown文件: data\keywords.md
2025-10-24 14:53:03,606 - keyword_analyzer - INFO - 从 data\keywords.md 读取了 1 个关键词
2025-10-24 14:53:03,607 - keyword_analyzer - INFO - 已加载关键词筛选规则，共 1 个关键词
2025-10-24 14:53:03,607 - keyword_analyzer - INFO - 从keywords.md读取到的关键词模式: powerpoint
2025-10-24 14:53:03,607 - keyword_analyzer - INFO - 已设置默认关键词模式: powerpoint
2025-10-24 14:53:03,607 - keyword_analyzer - INFO - 已配置通义模型: tongyi
2025-10-24 14:53:03,611 - keyword_analyzer - INFO - 已加载.env文件: D:\pythonproject\seo-select\.env
2025-10-24 14:53:03,611 - keyword_analyzer - INFO - 开始从keywords.md文件读取关键词
2025-10-24 14:53:03,611 - keyword_analyzer - INFO - 开始从markdown文件读取关键词筛选规则，文件夹: data
2025-10-24 14:53:03,611 - keyword_analyzer - INFO - 发现markdown文件: data\keywords.md
2025-10-24 14:53:03,611 - keyword_analyzer - INFO - 从 data\keywords.md 读取了 1 个关键词
2025-10-24 14:53:03,611 - keyword_analyzer - INFO - 已加载关键词筛选规则，共 1 个关键词
2025-10-24 14:53:03,611 - keyword_analyzer - INFO - 从keywords.md读取到的关键词模式: powerpoint
2025-10-24 14:53:03,611 - keyword_analyzer - INFO - 已设置默认关键词模式: powerpoint
2025-10-24 14:53:03,611 - keyword_analyzer - INFO - 已配置通义模型: tongyi
2025-10-24 14:54:04,515 - keyword_analyzer - INFO - 配置已保存到: D:\pythonproject\seo-select\.env
2025-10-24 14:54:29,386 - keyword_analyzer - INFO - 提取到 2 个关键词规则
2025-10-24 14:54:29,387 - keyword_analyzer - INFO - 关键词规则已成功保存到: data\keywords.md
2025-10-24 14:54:29,387 - keyword_analyzer - INFO - 从文件加载了 2 个关键词规则
2025-10-24 14:54:29,712 - keyword_analyzer - INFO - 初始化时设置默认关键词模式: slide|ppt|powerpoint|presentation
2025-10-24 14:54:29,722 - keyword_analyzer - INFO - 调用read_keyword_patterns_from_markdown方法
2025-10-24 14:54:29,723 - keyword_analyzer - INFO - 从markdown文件读取关键词筛选条件: keywords.md
2025-10-24 14:54:29,723 - keyword_analyzer - INFO - 已更新关键词筛选条件，共 2 个关键词
2025-10-24 14:54:29,723 - keyword_analyzer - INFO - 关键词模式: powerpoint|slide
2025-10-24 14:54:29,723 - keyword_analyzer - INFO - 从markdown文件读取关键词筛选条件: keywords.md
2025-10-24 14:54:29,723 - keyword_analyzer - INFO - 已更新关键词筛选条件，共 2 个关键词
2025-10-24 14:54:29,723 - keyword_analyzer - INFO - 关键词模式: powerpoint|slide
2025-10-24 14:54:29,724 - keyword_analyzer - INFO - 开始关键词分析流程...
2025-10-24 14:54:29,724 - keyword_analyzer - INFO - 从markdown文件读取关键词筛选条件: keywords.md
2025-10-24 14:54:29,724 - keyword_analyzer - INFO - 已更新关键词筛选条件，共 2 个关键词
2025-10-24 14:54:29,724 - keyword_analyzer - INFO - 关键词模式: powerpoint|slide
2025-10-24 14:54:29,724 - keyword_analyzer - INFO - 找到 2 个Excel文件
2025-10-24 14:54:29,724 - keyword_analyzer - INFO - - upload_20251024_145429_706.xlsx
2025-10-24 14:54:29,724 - keyword_analyzer - INFO - - upload_20251024_145429_708.xlsx
2025-10-24 14:54:29,948 - keyword_analyzer - INFO - 处理文件: upload_20251024_145429_706.xlsx
2025-10-24 14:54:29,948 - keyword_analyzer - INFO - 文件形状: (24, 9)
2025-10-24 14:54:29,948 - keyword_analyzer - INFO - 列名: ['Keyword', 'Intent', 'Volume', 'Trend', 'Keyword Difficulty', 'CPC (USD)', 'Competitive Density', 'SERP Features', 'Number of Results']
2025-10-24 14:54:29,960 - keyword_analyzer - INFO - 处理文件: upload_20251024_145429_708.xlsx
2025-10-24 14:54:29,960 - keyword_analyzer - INFO - 文件形状: (83, 3)
2025-10-24 14:54:29,960 - keyword_analyzer - INFO - 列名: ['Keyword', 'Volume', 'Keyword Difficulty']
2025-10-24 14:54:29,961 - keyword_analyzer - INFO - 在文件 upload_20251024_145429_706.xlsx 中找到关键词列: Keyword
2025-10-24 14:54:29,964 - keyword_analyzer - INFO - 筛选后关键词数量: 24
2025-10-24 14:54:29,965 - keyword_analyzer - INFO - 在文件 upload_20251024_145429_706.xlsx 中找到搜索量列: Volume
2025-10-24 14:54:29,966 - keyword_analyzer - INFO - 在文件 upload_20251024_145429_708.xlsx 中找到关键词列: Keyword
2025-10-24 14:54:29,967 - keyword_analyzer - INFO - 筛选后关键词数量: 83
2025-10-24 14:54:29,967 - keyword_analyzer - INFO - 在文件 upload_20251024_145429_708.xlsx 中找到搜索量列: Volume
2025-10-24 14:54:29,969 - keyword_analyzer - INFO - 所有文件合并后筛选的关键词总数: 107
2025-10-24 14:54:29,969 - keyword_analyzer - INFO - 开始分析关键词 - 总数量: 107
2025-10-24 14:54:29,969 - keyword_analyzer - INFO - 使用关键词列: Keyword
2025-10-24 14:54:29,970 - keyword_analyzer - INFO - 去重后关键词数量: 107
2025-10-24 14:54:29,970 - keyword_analyzer - INFO - 使用搜索量列: volume
2025-10-24 14:54:29,970 - keyword_analyzer - INFO - 开始批量处理关键词分类
2025-10-24 14:54:46,701 - keyword_analyzer - INFO - 已处理 10/107 个关键词
2025-10-24 14:55:04,219 - keyword_analyzer - INFO - 已处理 20/107 个关键词
2025-10-24 14:55:27,234 - keyword_analyzer - INFO - 已处理 30/107 个关键词
2025-10-24 14:55:43,892 - keyword_analyzer - INFO - 已处理 40/107 个关键词
2025-10-24 14:56:02,289 - keyword_analyzer - INFO - 已处理 50/107 个关键词
2025-10-24 14:56:17,764 - keyword_analyzer - INFO - 已处理 60/107 个关键词
2025-10-24 14:56:33,686 - keyword_analyzer - INFO - 已处理 70/107 个关键词
2025-10-24 14:56:50,532 - keyword_analyzer - INFO - 已处理 80/107 个关键词
2025-10-24 14:57:11,201 - keyword_analyzer - INFO - 已处理 90/107 个关键词
2025-10-24 14:57:28,549 - keyword_analyzer - INFO - 已处理 100/107 个关键词
2025-10-24 14:57:40,866 - keyword_analyzer - INFO - 关键词分类完成
2025-10-24 14:57:40,905 - keyword_analyzer - INFO - 开始导出Excel文件: D:\pythonproject\seo-select\uploads\results_20251024_145429_711\keyword_analysis_20251024_145740.xlsx
2025-10-24 14:57:41,000 - keyword_analyzer - INFO - Excel文件导出成功: D:\pythonproject\seo-select\uploads\results_20251024_145429_711\keyword_analysis_20251024_145740.xlsx
2025-10-24 14:57:41,000 - keyword_analyzer - INFO - 分析完成，结果已导出到: D:\pythonproject\seo-select\uploads\results_20251024_145429_711\keyword_analysis_20251024_145740.xlsx
2025-10-24 14:57:41,001 - keyword_analyzer - INFO - 关键词分析完成！
2025-10-24 14:57:41,001 - keyword_analyzer - INFO - 总关键词数量: 107
2025-10-24 14:57:41,001 - keyword_analyzer - INFO - 主题数量: 74
2025-10-24 14:57:41,001 - keyword_analyzer - INFO - 结果文件: D:\pythonproject\seo-select\uploads\results_20251024_145429_711\keyword_analysis_20251024_145740.xlsx
