2025-10-24 14:21:36,813 - keyword_analyzer - INFO - 日志文件已创建: D:\pythonproject\seo-select\logs\keyword_analysis_20251024_142136.log
2025-10-24 14:21:36,817 - keyword_analyzer - INFO - 已加载.env文件: D:\pythonproject\seo-select\.env
2025-10-24 14:21:36,817 - keyword_analyzer - INFO - 开始从keywords.md文件读取关键词
2025-10-24 14:21:36,817 - keyword_analyzer - INFO - 开始从markdown文件读取关键词筛选规则，文件夹: data
2025-10-24 14:21:36,817 - keyword_analyzer - INFO - 发现markdown文件: data\keywords.md
2025-10-24 14:21:36,817 - keyword_analyzer - INFO - 从 data\keywords.md 读取了 1 个关键词
2025-10-24 14:21:36,817 - keyword_analyzer - INFO - 已加载关键词筛选规则，共 1 个关键词
2025-10-24 14:21:36,818 - keyword_analyzer - INFO - 从keywords.md读取到的关键词模式: powepoint
2025-10-24 14:21:36,818 - keyword_analyzer - INFO - 已设置默认关键词模式: powepoint
2025-10-24 14:21:36,818 - keyword_analyzer - INFO - 已配置通义模型: tongyi
2025-10-24 14:21:36,822 - keyword_analyzer - INFO - 已加载.env文件: D:\pythonproject\seo-select\.env
2025-10-24 14:21:36,822 - keyword_analyzer - INFO - 开始从keywords.md文件读取关键词
2025-10-24 14:21:36,824 - keyword_analyzer - INFO - 开始从markdown文件读取关键词筛选规则，文件夹: data
2025-10-24 14:21:36,824 - keyword_analyzer - INFO - 发现markdown文件: data\keywords.md
2025-10-24 14:21:36,824 - keyword_analyzer - INFO - 从 data\keywords.md 读取了 1 个关键词
2025-10-24 14:21:36,825 - keyword_analyzer - INFO - 已加载关键词筛选规则，共 1 个关键词
2025-10-24 14:21:36,825 - keyword_analyzer - INFO - 从keywords.md读取到的关键词模式: powepoint
2025-10-24 14:21:36,825 - keyword_analyzer - INFO - 已设置默认关键词模式: powepoint
2025-10-24 14:21:36,825 - keyword_analyzer - INFO - 已配置通义模型: tongyi
2025-10-24 14:21:36,856 - keyword_analyzer - INFO - 日志文件已创建: D:\pythonproject\seo-select\logs\keyword_analysis_20251024_142136.log
2025-10-24 14:21:36,858 - keyword_analyzer - INFO - 已加载.env文件: D:\pythonproject\seo-select\.env
2025-10-24 14:21:36,858 - keyword_analyzer - INFO - 开始从keywords.md文件读取关键词
2025-10-24 14:21:36,858 - keyword_analyzer - INFO - 开始从markdown文件读取关键词筛选规则，文件夹: data
2025-10-24 14:21:36,858 - keyword_analyzer - INFO - 发现markdown文件: data\keywords.md
2025-10-24 14:21:36,859 - keyword_analyzer - INFO - 从 data\keywords.md 读取了 1 个关键词
2025-10-24 14:21:36,859 - keyword_analyzer - INFO - 已加载关键词筛选规则，共 1 个关键词
2025-10-24 14:21:36,859 - keyword_analyzer - INFO - 从keywords.md读取到的关键词模式: powepoint
2025-10-24 14:21:36,859 - keyword_analyzer - INFO - 已设置默认关键词模式: powepoint
2025-10-24 14:21:36,859 - keyword_analyzer - INFO - 已配置通义模型: tongyi
2025-10-24 14:21:36,866 - keyword_analyzer - INFO - 已加载.env文件: D:\pythonproject\seo-select\.env
2025-10-24 14:21:36,866 - keyword_analyzer - INFO - 开始从keywords.md文件读取关键词
2025-10-24 14:21:36,866 - keyword_analyzer - INFO - 开始从markdown文件读取关键词筛选规则，文件夹: data
2025-10-24 14:21:36,866 - keyword_analyzer - INFO - 发现markdown文件: data\keywords.md
2025-10-24 14:21:36,866 - keyword_analyzer - INFO - 从 data\keywords.md 读取了 1 个关键词
2025-10-24 14:21:36,866 - keyword_analyzer - INFO - 已加载关键词筛选规则，共 1 个关键词
2025-10-24 14:21:36,867 - keyword_analyzer - INFO - 从keywords.md读取到的关键词模式: powepoint
2025-10-24 14:21:36,867 - keyword_analyzer - INFO - 已设置默认关键词模式: powepoint
2025-10-24 14:21:36,867 - keyword_analyzer - INFO - 已配置通义模型: tongyi
