2025-10-24 09:55:57,054 - keyword_analyzer - INFO - 日志文件已创建: D:\pythonproject\seo-select\logs\keyword_analysis_20251024_095557.log
2025-10-24 09:55:57,057 - keyword_analyzer - INFO - 已加载.env文件: D:\pythonproject\seo-select\.env
2025-10-24 09:55:57,057 - keyword_analyzer - INFO - 开始从keywords.md文件读取关键词
2025-10-24 09:55:57,057 - keyword_analyzer - INFO - 开始从markdown文件读取关键词筛选规则，文件夹: data
2025-10-24 09:55:57,057 - keyword_analyzer - INFO - 发现markdown文件: data\keywords.md
2025-10-24 09:55:57,057 - keyword_analyzer - INFO - 从 data\keywords.md 读取了 1 个关键词
2025-10-24 09:55:57,057 - keyword_analyzer - INFO - 已加载关键词筛选规则，共 1 个关键词
2025-10-24 09:55:57,058 - keyword_analyzer - INFO - 从keywords.md读取到的关键词模式: powerpoint
2025-10-24 09:55:57,058 - keyword_analyzer - INFO - 已设置默认关键词模式: powerpoint
2025-10-24 09:55:57,058 - keyword_analyzer - INFO - 已配置通义模型: tongyi
2025-10-24 09:55:57,063 - keyword_analyzer - INFO - 已加载.env文件: D:\pythonproject\seo-select\.env
2025-10-24 09:55:57,063 - keyword_analyzer - INFO - 开始从keywords.md文件读取关键词
2025-10-24 09:55:57,064 - keyword_analyzer - INFO - 开始从markdown文件读取关键词筛选规则，文件夹: data
2025-10-24 09:55:57,064 - keyword_analyzer - INFO - 发现markdown文件: data\keywords.md
2025-10-24 09:55:57,064 - keyword_analyzer - INFO - 从 data\keywords.md 读取了 1 个关键词
2025-10-24 09:55:57,064 - keyword_analyzer - INFO - 已加载关键词筛选规则，共 1 个关键词
2025-10-24 09:55:57,064 - keyword_analyzer - INFO - 从keywords.md读取到的关键词模式: powerpoint
2025-10-24 09:55:57,064 - keyword_analyzer - INFO - 已设置默认关键词模式: powerpoint
2025-10-24 09:55:57,064 - keyword_analyzer - INFO - 已配置通义模型: tongyi
2025-10-24 09:56:38,439 - keyword_analyzer - INFO - 提取到 2 个关键词规则
2025-10-24 09:56:38,440 - keyword_analyzer - INFO - 关键词规则已成功保存到: data\keywords.md
2025-10-24 09:56:38,441 - keyword_analyzer - INFO - 从文件加载了 2 个关键词规则
2025-10-24 09:56:50,143 - keyword_analyzer - INFO - 配置已保存到: D:\pythonproject\seo-select\.env
2025-10-24 09:56:59,444 - keyword_analyzer - INFO - 配置已保存到: D:\pythonproject\seo-select\.env
2025-10-24 09:57:02,709 - keyword_analyzer - INFO - 配置已保存到: D:\pythonproject\seo-select\.env
2025-10-24 09:57:07,228 - keyword_analyzer - INFO - 初始化时设置默认关键词模式: slide|ppt|powerpoint|presentation
2025-10-24 09:57:07,247 - keyword_analyzer - INFO - 调用read_keyword_patterns_from_markdown方法
2025-10-24 09:57:07,248 - keyword_analyzer - INFO - 从markdown文件读取关键词筛选条件: keywords.md
2025-10-24 09:57:07,249 - keyword_analyzer - INFO - 已更新关键词筛选条件，共 2 个关键词
2025-10-24 09:57:07,249 - keyword_analyzer - INFO - 关键词模式: powerpoint|slide
2025-10-24 09:57:07,249 - keyword_analyzer - INFO - 从markdown文件读取关键词筛选条件: keywords.md
2025-10-24 09:57:07,250 - keyword_analyzer - INFO - 已更新关键词筛选条件，共 2 个关键词
2025-10-24 09:57:07,250 - keyword_analyzer - INFO - 关键词模式: powerpoint|slide
2025-10-24 09:57:07,250 - keyword_analyzer - INFO - 开始关键词分析流程...
2025-10-24 09:57:07,250 - keyword_analyzer - INFO - 从markdown文件读取关键词筛选条件: keywords.md
2025-10-24 09:57:07,251 - keyword_analyzer - INFO - 已更新关键词筛选条件，共 2 个关键词
2025-10-24 09:57:07,251 - keyword_analyzer - INFO - 关键词模式: powerpoint|slide
2025-10-24 09:57:07,251 - keyword_analyzer - INFO - 找到 2 个Excel文件
2025-10-24 09:57:07,251 - keyword_analyzer - INFO - - upload_20251024_095707_220.xlsx
2025-10-24 09:57:07,251 - keyword_analyzer - INFO - - upload_20251024_095707_221.xlsx
2025-10-24 09:57:07,551 - keyword_analyzer - INFO - 处理文件: upload_20251024_095707_220.xlsx
2025-10-24 09:57:07,551 - keyword_analyzer - INFO - 文件形状: (24, 9)
2025-10-24 09:57:07,551 - keyword_analyzer - INFO - 列名: ['Keyword', 'Intent', 'Volume', 'Trend', 'Keyword Difficulty', 'CPC (USD)', 'Competitive Density', 'SERP Features', 'Number of Results']
2025-10-24 09:57:07,563 - keyword_analyzer - INFO - 处理文件: upload_20251024_095707_221.xlsx
2025-10-24 09:57:07,564 - keyword_analyzer - INFO - 文件形状: (83, 3)
2025-10-24 09:57:07,564 - keyword_analyzer - INFO - 列名: ['Keyword', 'Volume', 'Keyword Difficulty']
2025-10-24 09:57:07,566 - keyword_analyzer - INFO - 在文件 upload_20251024_095707_220.xlsx 中找到关键词列: Keyword
2025-10-24 09:57:07,569 - keyword_analyzer - INFO - 筛选后关键词数量: 24
2025-10-24 09:57:07,570 - keyword_analyzer - INFO - 在文件 upload_20251024_095707_220.xlsx 中找到搜索量列: Volume
2025-10-24 09:57:07,570 - keyword_analyzer - INFO - 在文件 upload_20251024_095707_221.xlsx 中找到关键词列: Keyword
2025-10-24 09:57:07,571 - keyword_analyzer - INFO - 筛选后关键词数量: 83
2025-10-24 09:57:07,571 - keyword_analyzer - INFO - 在文件 upload_20251024_095707_221.xlsx 中找到搜索量列: Volume
2025-10-24 09:57:07,576 - keyword_analyzer - INFO - 所有文件合并后筛选的关键词总数: 107
2025-10-24 09:57:07,576 - keyword_analyzer - INFO - 开始分析关键词 - 总数量: 107
2025-10-24 09:57:07,576 - keyword_analyzer - INFO - 使用关键词列: Keyword
2025-10-24 09:57:07,578 - keyword_analyzer - INFO - 去重后关键词数量: 107
2025-10-24 09:57:07,578 - keyword_analyzer - INFO - 使用搜索量列: volume
2025-10-24 09:57:07,578 - keyword_analyzer - INFO - 开始批量处理关键词分类
2025-10-24 09:57:18,622 - keyword_analyzer - INFO - 已处理 10/107 个关键词
2025-10-24 09:57:31,131 - keyword_analyzer - INFO - 已处理 20/107 个关键词
2025-10-24 09:57:42,400 - keyword_analyzer - INFO - 已处理 30/107 个关键词
2025-10-24 09:57:53,699 - keyword_analyzer - INFO - 已处理 40/107 个关键词
2025-10-24 09:58:06,606 - keyword_analyzer - INFO - 已处理 50/107 个关键词
2025-10-24 09:58:20,743 - keyword_analyzer - INFO - 已处理 60/107 个关键词
2025-10-24 09:58:31,571 - keyword_analyzer - INFO - 已处理 70/107 个关键词
2025-10-24 09:58:43,151 - keyword_analyzer - INFO - 已处理 80/107 个关键词
2025-10-24 09:58:54,682 - keyword_analyzer - INFO - 已处理 90/107 个关键词
2025-10-24 09:59:08,266 - keyword_analyzer - INFO - 已处理 100/107 个关键词
2025-10-24 09:59:16,895 - keyword_analyzer - INFO - 关键词分类完成
2025-10-24 09:59:16,948 - keyword_analyzer - INFO - 开始导出Excel文件: D:\pythonproject\seo-select\uploads\results_20251024_095707_227\keyword_analysis_20251024_095916.xlsx
2025-10-24 09:59:17,083 - keyword_analyzer - INFO - Excel文件导出成功: D:\pythonproject\seo-select\uploads\results_20251024_095707_227\keyword_analysis_20251024_095916.xlsx
2025-10-24 09:59:17,084 - keyword_analyzer - INFO - 分析完成，结果已导出到: D:\pythonproject\seo-select\uploads\results_20251024_095707_227\keyword_analysis_20251024_095916.xlsx
2025-10-24 09:59:17,084 - keyword_analyzer - INFO - 关键词分析完成！
2025-10-24 09:59:17,084 - keyword_analyzer - INFO - 总关键词数量: 107
2025-10-24 09:59:17,084 - keyword_analyzer - INFO - 主题数量: 69
2025-10-24 09:59:17,085 - keyword_analyzer - INFO - 结果文件: D:\pythonproject\seo-select\uploads\results_20251024_095707_227\keyword_analysis_20251024_095916.xlsx
