2025-10-24 14:24:25,288 - keyword_analyzer - INFO - 日志文件已创建: D:\pythonproject\seo-select\logs\keyword_analysis_20251024_142425.log
2025-10-24 14:24:25,290 - keyword_analyzer - INFO - 已加载.env文件: D:\pythonproject\seo-select\.env
2025-10-24 14:24:25,290 - keyword_analyzer - INFO - 开始从keywords.md文件读取关键词
2025-10-24 14:24:25,290 - keyword_analyzer - INFO - 开始从markdown文件读取关键词筛选规则，文件夹: data
2025-10-24 14:24:25,290 - keyword_analyzer - INFO - 发现markdown文件: data\keywords.md
2025-10-24 14:24:25,291 - keyword_analyzer - INFO - 从 data\keywords.md 读取了 1 个关键词
2025-10-24 14:24:25,291 - keyword_analyzer - INFO - 已加载关键词筛选规则，共 1 个关键词
2025-10-24 14:24:25,291 - keyword_analyzer - INFO - 从keywords.md读取到的关键词模式: powepoint
2025-10-24 14:24:25,291 - keyword_analyzer - INFO - 已设置默认关键词模式: powepoint
2025-10-24 14:24:25,291 - keyword_analyzer - INFO - 已配置通义模型: tongyi
2025-10-24 14:24:25,296 - keyword_analyzer - INFO - 已加载.env文件: D:\pythonproject\seo-select\.env
2025-10-24 14:24:25,297 - keyword_analyzer - INFO - 开始从keywords.md文件读取关键词
2025-10-24 14:24:25,297 - keyword_analyzer - INFO - 开始从markdown文件读取关键词筛选规则，文件夹: data
2025-10-24 14:24:25,297 - keyword_analyzer - INFO - 发现markdown文件: data\keywords.md
2025-10-24 14:24:25,297 - keyword_analyzer - INFO - 从 data\keywords.md 读取了 1 个关键词
2025-10-24 14:24:25,297 - keyword_analyzer - INFO - 已加载关键词筛选规则，共 1 个关键词
2025-10-24 14:24:25,297 - keyword_analyzer - INFO - 从keywords.md读取到的关键词模式: powepoint
2025-10-24 14:24:25,298 - keyword_analyzer - INFO - 已设置默认关键词模式: powepoint
2025-10-24 14:24:25,298 - keyword_analyzer - INFO - 已配置通义模型: tongyi
2025-10-24 14:24:25,298 - keyword_analyzer - INFO - 日志文件已创建: D:\pythonproject\seo-select\logs\keyword_analysis_20251024_142425.log
2025-10-24 14:24:25,301 - keyword_analyzer - INFO - 已加载.env文件: D:\pythonproject\seo-select\.env
2025-10-24 14:24:25,301 - keyword_analyzer - INFO - 开始从keywords.md文件读取关键词
2025-10-24 14:24:25,302 - keyword_analyzer - INFO - 开始从markdown文件读取关键词筛选规则，文件夹: data
2025-10-24 14:24:25,302 - keyword_analyzer - INFO - 发现markdown文件: data\keywords.md
2025-10-24 14:24:25,302 - keyword_analyzer - INFO - 从 data\keywords.md 读取了 1 个关键词
2025-10-24 14:24:25,302 - keyword_analyzer - INFO - 已加载关键词筛选规则，共 1 个关键词
2025-10-24 14:24:25,302 - keyword_analyzer - INFO - 从keywords.md读取到的关键词模式: powepoint
2025-10-24 14:24:25,302 - keyword_analyzer - INFO - 已设置默认关键词模式: powepoint
2025-10-24 14:24:25,302 - keyword_analyzer - INFO - 已配置通义模型: tongyi
2025-10-24 14:24:25,308 - keyword_analyzer - INFO - 已加载.env文件: D:\pythonproject\seo-select\.env
2025-10-24 14:24:25,308 - keyword_analyzer - INFO - 开始从keywords.md文件读取关键词
2025-10-24 14:24:25,308 - keyword_analyzer - INFO - 开始从markdown文件读取关键词筛选规则，文件夹: data
2025-10-24 14:24:25,308 - keyword_analyzer - INFO - 发现markdown文件: data\keywords.md
2025-10-24 14:24:25,309 - keyword_analyzer - INFO - 从 data\keywords.md 读取了 1 个关键词
2025-10-24 14:24:25,309 - keyword_analyzer - INFO - 已加载关键词筛选规则，共 1 个关键词
2025-10-24 14:24:25,309 - keyword_analyzer - INFO - 从keywords.md读取到的关键词模式: powepoint
2025-10-24 14:24:25,309 - keyword_analyzer - INFO - 已设置默认关键词模式: powepoint
2025-10-24 14:24:25,309 - keyword_analyzer - INFO - 已配置通义模型: tongyi
