2025-10-24 14:43:19,714 - keyword_analyzer - INFO - æ—¥å¿—æ–‡ä»¶å·²åˆ›å»º: D:\pythonproject\seo-select\logs\keyword_analysis_20251024_144319.log
2025-10-24 14:43:19,717 - keyword_analyzer - INFO - å·²åŠ è½½.envæ–‡ä»¶: D:\pythonproject\seo-select\.env
2025-10-24 14:43:19,717 - keyword_analyzer - INFO - å¼€å§‹ä»keywords.mdæ–‡ä»¶è¯»å–å…³é”®è¯
2025-10-24 14:43:19,718 - keyword_analyzer - INFO - å¼€å§‹ä»markdownæ–‡ä»¶è¯»å–å…³é”®è¯ç­›é€‰è§„åˆ™ï¼Œæ–‡ä»¶å¤¹: data
2025-10-24 14:43:19,718 - keyword_analyzer - INFO - å‘ç°markdownæ–‡ä»¶: data\keywords.md
2025-10-24 14:43:19,718 - keyword_analyzer - INFO - ä» data\keywords.md è¯»å–äº† 1 ä¸ªå…³é”®è¯
2025-10-24 14:43:19,718 - keyword_analyzer - INFO - å·²åŠ è½½å…³é”®è¯ç­›é€‰è§„åˆ™ï¼Œå…± 1 ä¸ªå…³é”®è¯
2025-10-24 14:43:19,719 - keyword_analyzer - INFO - ä»keywords.mdè¯»å–åˆ°çš„å…³é”®è¯æ¨¡å¼: powepoint
2025-10-24 14:43:19,719 - keyword_analyzer - INFO - å·²è®¾ç½®é»˜è®¤å…³é”®è¯æ¨¡å¼: powepoint
2025-10-24 14:43:19,719 - keyword_analyzer - INFO - å·²é…ç½®é€šä¹‰æ¨¡å‹: tongyi
2025-10-24 14:43:19,724 - keyword_analyzer - INFO - æ—¥å¿—æ–‡ä»¶å·²åˆ›å»º: D:\pythonproject\seo-select\logs\keyword_analysis_20251024_144319.log
2025-10-24 14:43:19,726 - keyword_analyzer - INFO - å·²åŠ è½½.envæ–‡ä»¶: D:\pythonproject\seo-select\.env
2025-10-24 14:43:19,726 - keyword_analyzer - INFO - å¼€å§‹ä»keywords.mdæ–‡ä»¶è¯»å–å…³é”®è¯
2025-10-24 14:43:19,726 - keyword_analyzer - INFO - å¼€å§‹ä»markdownæ–‡ä»¶è¯»å–å…³é”®è¯ç­›é€‰è§„åˆ™ï¼Œæ–‡ä»¶å¤¹: data
2025-10-24 14:43:19,726 - keyword_analyzer - INFO - å‘ç°markdownæ–‡ä»¶: data\keywords.md
2025-10-24 14:43:19,726 - keyword_analyzer - INFO - å·²åŠ è½½.envæ–‡ä»¶: D:\pythonproject\seo-select\.env
2025-10-24 14:43:19,726 - keyword_analyzer - INFO - å¼€å§‹ä»keywords.mdæ–‡ä»¶è¯»å–å…³é”®è¯
¯
2025-10-24 14:43:19,727 - keyword_analyzer - INFO - å·²åŠ è½½å…³é”®è¯ç­›é€‰è§„åˆ™ï¼Œå…± 1 ä¸ªå…³é”®è¯
2025-10-24 14:43:19,727 - keyword_analyzer - INFO - ä»keywords.mdè¯»å–åˆ°çš„å…³é”®è¯æ¨¡å¼: powepoint
2025-10-24 14:43:19,727 - keyword_analyzer - INFO - å·²è®¾ç½®é»˜è®¤å…³é”®è¯æ¨¡å¼: powepoint
‰è§„åˆ™ï¼Œæ–‡ä»¶å¤¹: data
2025-10-24 14:43:19,727 - keyword_analyzer - INFO - å·²é…ç½®é€šä¹‰æ¨¡å‹: tongyi
2025-10-24 14:43:19,727 - keyword_analyzer - INFO - å‘ç°markdownæ–‡ä»¶: data\keywords.md
2025-10-24 14:43:19,727 - keyword_analyzer - INFO - ä» data\keywords.md è¯»å–äº† 1 ä¸ªå…³é”®è¯
2025-10-24 14:43:19,727 - keyword_analyzer - INFO - å·²åŠ è½½å…³é”®è¯ç­›é€‰è§„åˆ™ï¼Œå…± 1 ä¸ªå…³é”®è¯
2025-10-24 14:43:19,727 - keyword_analyzer - INFO - ä»keywords.mdè¯»å–åˆ°çš„å…³é”®è¯æ¨¡å¼: powepoint
2025-10-24 14:43:19,727 - keyword_analyzer - INFO - å·²è®¾ç½®é»˜è®¤å…³é”®è¯æ¨¡å¼: powepoint
2025-10-24 14:43:19,727 - keyword_analyzer - INFO - å·²é…ç½®é€šä¹‰æ¨¡å‹: tongyi
2025-10-24 14:43:19,733 - keyword_analyzer - INFO - å·²åŠ è½½.envæ–‡ä»¶: D:\pythonproject\seo-select\.env
2025-10-24 14:43:19,733 - keyword_analyzer - INFO - å¼€å§‹ä»keywords.mdæ–‡ä»¶è¯»å–å…³é”®è¯
2025-10-24 14:43:19,734 - keyword_analyzer - INFO - å¼€å§‹ä»markdownæ–‡ä»¶è¯»å–å…³é”®è¯ç­›é€‰è§„åˆ™ï¼Œæ–‡ä»¶å¤¹: data
2025-10-24 14:43:19,734 - keyword_analyzer - INFO - å‘ç°markdownæ–‡ä»¶: data\keywords.md
2025-10-24 14:43:19,734 - keyword_analyzer - INFO - ä» data\keywords.md è¯»å–äº† 1 ä¸ªå…³é”®è¯
2025-10-24 14:43:19,734 - keyword_analyzer - INFO - å·²åŠ è½½å…³é”®è¯ç­›é€‰è§„åˆ™ï¼Œå…± 1 ä¸ªå…³é”®è¯
2025-10-24 14:43:19,734 - keyword_analyzer - INFO - ä»keywords.mdè¯»å–åˆ°çš„å…³é”®è¯æ¨¡å¼: powepoint
2025-10-24 14:43:19,734 - keyword_analyzer - INFO - å·²è®¾ç½®é»˜è®¤å…³é”®è¯æ¨¡å¼: powepoint
2025-10-24 14:43:19,734 - keyword_analyzer - INFO - å·²é…ç½®é€šä¹‰æ¨¡å‹: tongyi
