2025-10-25 15:48:55,302 - keyword_analyzer - INFO - 日志文件已创建: D:\pythonproject\seo-select\logs\keyword_analysis_20251025_154855.log
2025-10-25 15:48:55,305 - keyword_analyzer - INFO - 已加载.env文件: D:\pythonproject\seo-select\.env
2025-10-25 15:48:55,305 - keyword_analyzer - INFO - 开始从keywords.md文件读取关键词
2025-10-25 15:48:55,305 - keyword_analyzer - INFO - 开始从markdown文件读取关键词筛选规则，文件夹: data
2025-10-25 15:48:55,305 - keyword_analyzer - INFO - 发现markdown文件: data\keywords.md
2025-10-25 15:48:55,305 - keyword_analyzer - INFO - 从 data\keywords.md 读取了 1 个关键词
2025-10-25 15:48:55,305 - keyword_analyzer - INFO - 已加载关键词筛选规则，共 1 个关键词
2025-10-25 15:48:55,306 - keyword_analyzer - INFO - 从keywords.md读取到的关键词模式: powerpoint
2025-10-25 15:48:55,306 - keyword_analyzer - INFO - 已设置默认关键词模式: powerpoint
2025-10-25 15:48:55,306 - keyword_analyzer - INFO - 已配置通义模型: tongyi
2025-10-25 15:48:55,310 - keyword_analyzer - INFO - 已加载.env文件: D:\pythonproject\seo-select\.env
2025-10-25 15:48:55,310 - keyword_analyzer - INFO - 开始从keywords.md文件读取关键词
2025-10-25 15:48:55,310 - keyword_analyzer - INFO - 开始从markdown文件读取关键词筛选规则，文件夹: data
2025-10-25 15:48:55,311 - keyword_analyzer - INFO - 发现markdown文件: data\keywords.md
2025-10-25 15:48:55,311 - keyword_analyzer - INFO - 从 data\keywords.md 读取了 1 个关键词
2025-10-25 15:48:55,311 - keyword_analyzer - INFO - 已加载关键词筛选规则，共 1 个关键词
2025-10-25 15:48:55,311 - keyword_analyzer - INFO - 从keywords.md读取到的关键词模式: powerpoint
2025-10-25 15:48:55,311 - keyword_analyzer - INFO - 已设置默认关键词模式: powerpoint
2025-10-25 15:48:55,311 - keyword_analyzer - INFO - 已配置通义模型: tongyi
2025-10-25 15:50:38,135 - keyword_analyzer - INFO - 配置已保存到: D:\pythonproject\seo-select\.env
2025-10-25 15:50:54,233 - keyword_analyzer - INFO - 提取到 1 个关键词规则
2025-10-25 15:50:54,234 - keyword_analyzer - INFO - 关键词规则已成功保存到: data\keywords.md
2025-10-25 15:50:54,234 - keyword_analyzer - INFO - 从文件加载了 1 个关键词规则
2025-10-25 15:50:54,576 - keyword_analyzer - INFO - 初始化时设置默认关键词模式: slide|ppt|powerpoint|presentation
2025-10-25 15:50:54,587 - keyword_analyzer - INFO - 调用read_keyword_patterns_from_markdown方法
2025-10-25 15:50:54,588 - keyword_analyzer - INFO - 从markdown文件读取关键词筛选条件: keywords.md
2025-10-25 15:50:54,588 - keyword_analyzer - INFO - 已更新关键词筛选条件，共 1 个关键词
2025-10-25 15:50:54,588 - keyword_analyzer - INFO - 关键词模式: powerpoint
2025-10-25 15:50:54,588 - keyword_analyzer - INFO - 从markdown文件读取关键词筛选条件: keywords.md
2025-10-25 15:50:54,588 - keyword_analyzer - INFO - 已更新关键词筛选条件，共 1 个关键词
2025-10-25 15:50:54,588 - keyword_analyzer - INFO - 关键词模式: powerpoint
2025-10-25 15:50:54,589 - keyword_analyzer - INFO - 开始关键词分析流程...
2025-10-25 15:50:54,589 - keyword_analyzer - INFO - 从markdown文件读取关键词筛选条件: keywords.md
2025-10-25 15:50:54,589 - keyword_analyzer - INFO - 已更新关键词筛选条件，共 1 个关键词
2025-10-25 15:50:54,589 - keyword_analyzer - INFO - 关键词模式: powerpoint
2025-10-25 15:50:54,589 - keyword_analyzer - INFO - 找到 1 个Excel文件
2025-10-25 15:50:54,589 - keyword_analyzer - INFO - - upload_20251025_155054_571.xlsx
2025-10-25 15:50:54,820 - keyword_analyzer - INFO - 处理文件: upload_20251025_155054_571.xlsx
2025-10-25 15:50:54,820 - keyword_analyzer - INFO - 文件形状: (24, 9)
2025-10-25 15:50:54,820 - keyword_analyzer - INFO - 列名: ['Keyword', 'Intent', 'Volume', 'Trend', 'Keyword Difficulty', 'CPC (USD)', 'Competitive Density', 'SERP Features', 'Number of Results']
2025-10-25 15:50:54,820 - keyword_analyzer - INFO - 在文件 upload_20251025_155054_571.xlsx 中找到关键词列: Keyword
2025-10-25 15:50:54,822 - keyword_analyzer - INFO - 筛选后关键词数量: 24
2025-10-25 15:50:54,823 - keyword_analyzer - INFO - 在文件 upload_20251025_155054_571.xlsx 中找到搜索量列: Volume
2025-10-25 15:50:54,823 - keyword_analyzer - INFO - 所有文件合并后筛选的关键词总数: 24
2025-10-25 15:50:54,824 - keyword_analyzer - INFO - 开始分析关键词 - 总数量: 24
2025-10-25 15:50:54,824 - keyword_analyzer - INFO - 使用关键词列: Keyword
2025-10-25 15:50:54,824 - keyword_analyzer - INFO - 去重后关键词数量: 24
2025-10-25 15:50:54,824 - keyword_analyzer - INFO - 使用搜索量列: volume
2025-10-25 15:50:54,824 - keyword_analyzer - INFO - 开始批量处理关键词分类
2025-10-25 15:50:55,381 - keyword_analyzer - ERROR - AI分类出错 (ai powerpoint generator): 400 Client Error: Bad Request for url: https://dashscope.aliyuncs.com/compatible-mode/v1/chat/completions
2025-10-25 15:50:55,903 - keyword_analyzer - ERROR - AI分类出错 (powerpoint ai): 400 Client Error: Bad Request for url: https://dashscope.aliyuncs.com/compatible-mode/v1/chat/completions
2025-10-25 15:50:56,426 - keyword_analyzer - ERROR - AI分类出错 (ai powerpoint): 400 Client Error: Bad Request for url: https://dashscope.aliyuncs.com/compatible-mode/v1/chat/completions
2025-10-25 15:50:57,005 - keyword_analyzer - ERROR - AI分类出错 (ai powerpoint presentation): 400 Client Error: Bad Request for url: https://dashscope.aliyuncs.com/compatible-mode/v1/chat/completions
2025-10-25 15:50:57,534 - keyword_analyzer - ERROR - AI分类出错 (powerpoint presentation ai): 400 Client Error: Bad Request for url: https://dashscope.aliyuncs.com/compatible-mode/v1/chat/completions
2025-10-25 15:50:58,068 - keyword_analyzer - ERROR - AI分类出错 (ai powerpoint maker): 400 Client Error: Bad Request for url: https://dashscope.aliyuncs.com/compatible-mode/v1/chat/completions
2025-10-25 15:50:58,606 - keyword_analyzer - ERROR - AI分类出错 (free ai powerpoint generator): 400 Client Error: Bad Request for url: https://dashscope.aliyuncs.com/compatible-mode/v1/chat/completions
2025-10-25 15:50:59,124 - keyword_analyzer - ERROR - AI分类出错 (powerpoint ai generator): 400 Client Error: Bad Request for url: https://dashscope.aliyuncs.com/compatible-mode/v1/chat/completions
2025-10-25 15:50:59,623 - keyword_analyzer - ERROR - AI分类出错 (ai for powerpoint): 400 Client Error: Bad Request for url: https://dashscope.aliyuncs.com/compatible-mode/v1/chat/completions
2025-10-25 15:50:59,625 - keyword_analyzer - INFO - 已处理 10/24 个关键词
2025-10-25 15:51:00,124 - keyword_analyzer - ERROR - AI分类出错 (ai generated powerpoint): 400 Client Error: Bad Request for url: https://dashscope.aliyuncs.com/compatible-mode/v1/chat/completions
2025-10-25 15:51:00,622 - keyword_analyzer - ERROR - AI分类出错 (ai powerpoint creator): 400 Client Error: Bad Request for url: https://dashscope.aliyuncs.com/compatible-mode/v1/chat/completions
2025-10-25 15:51:01,149 - keyword_analyzer - ERROR - AI分类出错 (ai powerpoint generator free): 400 Client Error: Bad Request for url: https://dashscope.aliyuncs.com/compatible-mode/v1/chat/completions
2025-10-25 15:51:01,651 - keyword_analyzer - ERROR - AI分类出错 (gamma ai powerpoint): 400 Client Error: Bad Request for url: https://dashscope.aliyuncs.com/compatible-mode/v1/chat/completions
2025-10-25 15:51:02,166 - keyword_analyzer - ERROR - AI分类出错 (best ai powerpoint generator): 400 Client Error: Bad Request for url: https://dashscope.aliyuncs.com/compatible-mode/v1/chat/completions
2025-10-25 15:51:02,672 - keyword_analyzer - ERROR - AI分类出错 (best ai to create a powerpoint presentation): 400 Client Error: Bad Request for url: https://dashscope.aliyuncs.com/compatible-mode/v1/chat/completions
2025-10-25 15:51:03,314 - keyword_analyzer - ERROR - AI分类出错 (powerpoint maker ai): 400 Client Error: Bad Request for url: https://dashscope.aliyuncs.com/compatible-mode/v1/chat/completions
2025-10-25 15:51:03,820 - keyword_analyzer - ERROR - AI分类出错 (ai make graphics for powerpoint): 400 Client Error: Bad Request for url: https://dashscope.aliyuncs.com/compatible-mode/v1/chat/completions
2025-10-25 15:51:04,400 - keyword_analyzer - ERROR - AI分类出错 (ai to make powerpoint presentation): 400 Client Error: Bad Request for url: https://dashscope.aliyuncs.com/compatible-mode/v1/chat/completions
2025-10-25 15:51:04,906 - keyword_analyzer - ERROR - AI分类出错 (can napkin ai be converted to powerpoint): 400 Client Error: Bad Request for url: https://dashscope.aliyuncs.com/compatible-mode/v1/chat/completions
2025-10-25 15:51:04,908 - keyword_analyzer - INFO - 已处理 20/24 个关键词
2025-10-25 15:51:05,428 - keyword_analyzer - ERROR - AI分类出错 (create powerpoint with ai): 400 Client Error: Bad Request for url: https://dashscope.aliyuncs.com/compatible-mode/v1/chat/completions
2025-10-25 15:51:05,942 - keyword_analyzer - ERROR - AI分类出错 (generate graphpics for powerpoint ai): 400 Client Error: Bad Request for url: https://dashscope.aliyuncs.com/compatible-mode/v1/chat/completions
2025-10-25 15:51:06,446 - keyword_analyzer - ERROR - AI分类出错 (how to make napkin ai into powerpoint): 400 Client Error: Bad Request for url: https://dashscope.aliyuncs.com/compatible-mode/v1/chat/completions
2025-10-25 15:51:06,951 - keyword_analyzer - ERROR - AI分类出错 (powerpoint generator ai): 400 Client Error: Bad Request for url: https://dashscope.aliyuncs.com/compatible-mode/v1/chat/completions
2025-10-25 15:51:07,476 - keyword_analyzer - ERROR - AI分类出错 (ai for powerpoint presentation): 400 Client Error: Bad Request for url: https://dashscope.aliyuncs.com/compatible-mode/v1/chat/completions
2025-10-25 15:51:07,478 - keyword_analyzer - INFO - 关键词分类完成
2025-10-25 15:51:07,482 - keyword_analyzer - INFO - 开始导出Excel文件: D:\pythonproject\seo-select\uploads\results_20251025_155054_576\keyword_analysis_20251025_155107.xlsx
2025-10-25 15:51:07,545 - keyword_analyzer - INFO - Excel文件导出成功: D:\pythonproject\seo-select\uploads\results_20251025_155054_576\keyword_analysis_20251025_155107.xlsx
2025-10-25 15:51:07,545 - keyword_analyzer - INFO - 分析完成，结果已导出到: D:\pythonproject\seo-select\uploads\results_20251025_155054_576\keyword_analysis_20251025_155107.xlsx
2025-10-25 15:51:07,545 - keyword_analyzer - INFO - 关键词分析完成！
2025-10-25 15:51:07,545 - keyword_analyzer - INFO - 总关键词数量: 24
2025-10-25 15:51:07,545 - keyword_analyzer - INFO - 主题数量: 1
2025-10-25 15:51:07,545 - keyword_analyzer - INFO - 结果文件: D:\pythonproject\seo-select\uploads\results_20251025_155054_576\keyword_analysis_20251025_155107.xlsx
2025-10-25 15:53:36,441 - keyword_analyzer - INFO - 配置已保存到: D:\pythonproject\seo-select\.env
2025-10-25 15:53:49,772 - keyword_analyzer - INFO - 提取到 1 个关键词规则
2025-10-25 15:53:49,772 - keyword_analyzer - INFO - 关键词规则已成功保存到: data\keywords.md
2025-10-25 15:53:49,773 - keyword_analyzer - INFO - 从文件加载了 1 个关键词规则
2025-10-25 15:53:50,111 - keyword_analyzer - INFO - 初始化时设置默认关键词模式: slide|ppt|powerpoint|presentation
2025-10-25 15:53:50,112 - keyword_analyzer - INFO - 调用read_keyword_patterns_from_markdown方法
2025-10-25 15:53:50,112 - keyword_analyzer - INFO - 从markdown文件读取关键词筛选条件: keywords.md
2025-10-25 15:53:50,112 - keyword_analyzer - INFO - 已更新关键词筛选条件，共 1 个关键词
2025-10-25 15:53:50,113 - keyword_analyzer - INFO - 关键词模式: powerpoint
2025-10-25 15:53:50,113 - keyword_analyzer - INFO - 从markdown文件读取关键词筛选条件: keywords.md
2025-10-25 15:53:50,113 - keyword_analyzer - INFO - 已更新关键词筛选条件，共 1 个关键词
2025-10-25 15:53:50,113 - keyword_analyzer - INFO - 关键词模式: powerpoint
2025-10-25 15:53:50,113 - keyword_analyzer - INFO - 开始关键词分析流程...
2025-10-25 15:53:50,113 - keyword_analyzer - INFO - 从markdown文件读取关键词筛选条件: keywords.md
2025-10-25 15:53:50,113 - keyword_analyzer - INFO - 已更新关键词筛选条件，共 1 个关键词
2025-10-25 15:53:50,114 - keyword_analyzer - INFO - 关键词模式: powerpoint
2025-10-25 15:53:50,114 - keyword_analyzer - INFO - 找到 1 个Excel文件
2025-10-25 15:53:50,114 - keyword_analyzer - INFO - - upload_20251025_155350_108.xlsx
2025-10-25 15:53:50,127 - keyword_analyzer - INFO - 处理文件: upload_20251025_155350_108.xlsx
2025-10-25 15:53:50,127 - keyword_analyzer - INFO - 文件形状: (24, 9)
2025-10-25 15:53:50,127 - keyword_analyzer - INFO - 列名: ['Keyword', 'Intent', 'Volume', 'Trend', 'Keyword Difficulty', 'CPC (USD)', 'Competitive Density', 'SERP Features', 'Number of Results']
2025-10-25 15:53:50,127 - keyword_analyzer - INFO - 在文件 upload_20251025_155350_108.xlsx 中找到关键词列: Keyword
2025-10-25 15:53:50,128 - keyword_analyzer - INFO - 筛选后关键词数量: 24
2025-10-25 15:53:50,128 - keyword_analyzer - INFO - 在文件 upload_20251025_155350_108.xlsx 中找到搜索量列: Volume
2025-10-25 15:53:50,128 - keyword_analyzer - INFO - 所有文件合并后筛选的关键词总数: 24
2025-10-25 15:53:50,128 - keyword_analyzer - INFO - 开始分析关键词 - 总数量: 24
2025-10-25 15:53:50,129 - keyword_analyzer - INFO - 使用关键词列: Keyword
2025-10-25 15:53:50,129 - keyword_analyzer - INFO - 去重后关键词数量: 24
2025-10-25 15:53:50,129 - keyword_analyzer - INFO - 使用搜索量列: volume
2025-10-25 15:53:50,129 - keyword_analyzer - INFO - 开始批量处理关键词分类
2025-10-25 15:53:59,272 - keyword_analyzer - INFO - 已处理 10/24 个关键词
2025-10-25 15:54:09,590 - keyword_analyzer - INFO - 已处理 20/24 个关键词
2025-10-25 15:54:14,186 - keyword_analyzer - INFO - 关键词分类完成
2025-10-25 15:54:14,192 - keyword_analyzer - INFO - 开始导出Excel文件: D:\pythonproject\seo-select\uploads\results_20251025_155350_111\keyword_analysis_20251025_155414.xlsx
2025-10-25 15:54:14,214 - keyword_analyzer - INFO - Excel文件导出成功: D:\pythonproject\seo-select\uploads\results_20251025_155350_111\keyword_analysis_20251025_155414.xlsx
2025-10-25 15:54:14,215 - keyword_analyzer - INFO - 分析完成，结果已导出到: D:\pythonproject\seo-select\uploads\results_20251025_155350_111\keyword_analysis_20251025_155414.xlsx
2025-10-25 15:54:14,215 - keyword_analyzer - INFO - 关键词分析完成！
2025-10-25 15:54:14,215 - keyword_analyzer - INFO - 总关键词数量: 24
2025-10-25 15:54:14,215 - keyword_analyzer - INFO - 主题数量: 19
2025-10-25 15:54:14,215 - keyword_analyzer - INFO - 结果文件: D:\pythonproject\seo-select\uploads\results_20251025_155350_111\keyword_analysis_20251025_155414.xlsx
