2025-10-24 14:20:48,591 - keyword_analyzer - INFO - 日志文件已创建: D:\pythonproject\seo-select\logs\keyword_analysis_20251024_142048.log
2025-10-24 14:20:48,593 - keyword_analyzer - INFO - 日志文件已创建: D:\pythonproject\seo-select\logs\keyword_analysis_20251024_142048.log
2025-10-24 14:20:48,595 - keyword_analyzer - INFO - 已加载.env文件: D:\pythonproject\seo-select\.env
2025-10-24 14:20:48,596 - keyword_analyzer - INFO - 开始从keywords.md文件读取关键词
2025-10-24 14:20:48,596 - keyword_analyzer - INFO - 开始从markdown文件读取关键词筛选规则，文件夹: data
2025-10-24 14:20:48,596 - keyword_analyzer - INFO - 发现markdown文件: data\keywords.md
2025-10-24 14:20:48,598 - keyword_analyzer - INFO - 已加载.env文件: D:\pythonproject\seo-select\.env
2025-10-24 14:20:48,598 - keyword_analyzer - INFO - 已加载关键词筛选规则，共 1 个关键词
2025-10-24 14:20:48,598 - keyword_analyzer - INFO - 开始从keywords.md文件读取关键词
2025-10-24 14:20:48,598 - keyword_analyzer - INFO - 从keywords.md读取到的关键词模式: powepoint
2025-10-24 14:20:48,598 - keyword_analyzer - INFO - 已设置默认关键词模式: powepoint
2025-10-24 14:20:48,598 - keyword_analyzer - INFO - 已配置通义模型: tongyi
2025-10-24 14:20:48,598 - keyword_analyzer - INFO - 开始从markdown文件读取关键词筛选规则，文件夹: data
2025-10-24 14:20:48,599 - keyword_analyzer - INFO - 发现markdown文件: data\keywords.md
2025-10-24 14:20:48,599 - keyword_analyzer - INFO - 从 data\keywords.md 读取了 1 个关键词
2025-10-24 14:20:48,599 - keyword_analyzer - INFO - 已加载关键词筛选规则，共 1 个关键词
2025-10-24 14:20:48,599 - keyword_analyzer - INFO - 从keywords.md读取到的关键词模式: powepoint
2025-10-24 14:20:48,600 - keyword_analyzer - INFO - 已设置默认关键词模式: powepoint
2025-10-24 14:20:48,600 - keyword_analyzer - INFO - 已配置通义模型: tongyi
2025-10-24 14:20:48,606 - keyword_analyzer - INFO - 已加载.env文件: D:\pythonproject\seo-select\.env
2025-10-24 14:20:48,606 - keyword_analyzer - INFO - 开始从keywords.md文件读取关键词
2025-10-24 14:20:48,607 - keyword_analyzer - INFO - 已加载.env文件: D:\pythonproject\seo-select\.env
2025-10-24 14:20:48,607 - keyword_analyzer - INFO - 开始从markdown文件读取关键词筛选规则，文件夹: data
2025-10-24 14:20:48,607 - keyword_analyzer - INFO - 开始从keywords.md文件读取关键词
2025-10-24 14:20:48,607 - keyword_analyzer - INFO - 发现markdown文件: data\keywords.md
2025-10-24 14:20:48,607 - keyword_analyzer - INFO - 开始从markdown文件读取关键词筛选规则，文件夹: data
2025-10-24 14:20:48,607 - keyword_analyzer - INFO - 从 data\keywords.md 读取了 1 个关键词
2025-10-24 14:20:48,607 - keyword_analyzer - INFO - 已加载关键词筛选规则，共 1 个关键词
2025-10-24 14:20:48,607 - keyword_analyzer - INFO - 从keywords.md读取到的关键词模式: powepoint
2025-10-24 14:20:48,607 - keyword_analyzer - INFO - 已设置默认关键词模式: powepoint
2025-10-24 14:20:48,607 - keyword_analyzer - INFO - 已配置通义模型: tongyi
2025-10-24 14:20:48,607 - keyword_analyzer - INFO - 从 data\keywords.md 读取了 1 个关键词
2025-10-24 14:20:48,607 - keyword_analyzer - INFO - 已加载关键词筛选规则，共 1 个关键词
2025-10-24 14:20:48,607 - keyword_analyzer - INFO - 从keywords.md读取到的关键词模式: powepoint
2025-10-24 14:20:48,608 - keyword_analyzer - INFO - 已设置默认关键词模式: powepoint
2025-10-24 14:20:48,608 - keyword_analyzer - INFO - 已配置通义模型: tongyi
