2025-10-24 15:01:10,046 - keyword_analyzer - INFO - 日志文件已创建: D:\pythonproject\seo-select\logs\keyword_analysis_20251024_150110.log
2025-10-24 15:01:10,049 - keyword_analyzer - INFO - 已加载.env文件: D:\pythonproject\seo-select\.env
2025-10-24 15:01:10,050 - keyword_analyzer - INFO - 开始从keywords.md文件读取关键词
2025-10-24 15:01:10,050 - keyword_analyzer - INFO - 开始从markdown文件读取关键词筛选规则，文件夹: data
2025-10-24 15:01:10,050 - keyword_analyzer - INFO - 发现markdown文件: data\keywords.md
2025-10-24 15:01:10,050 - keyword_analyzer - INFO - 从 data\keywords.md 读取了 2 个关键词
2025-10-24 15:01:10,050 - keyword_analyzer - INFO - 已加载关键词筛选规则，共 2 个关键词
2025-10-24 15:01:10,051 - keyword_analyzer - INFO - 从keywords.md读取到的关键词模式: powerpoint|slide
2025-10-24 15:01:10,051 - keyword_analyzer - INFO - 已设置默认关键词模式: powerpoint|slide
2025-10-24 15:01:10,051 - keyword_analyzer - INFO - 已配置通义模型: tongyi
2025-10-24 15:01:10,060 - keyword_analyzer - INFO - 已加载.env文件: D:\pythonproject\seo-select\.env
2025-10-24 15:01:10,060 - keyword_analyzer - INFO - 开始从keywords.md文件读取关键词
2025-10-24 15:01:10,060 - keyword_analyzer - INFO - 开始从markdown文件读取关键词筛选规则，文件夹: data
2025-10-24 15:01:10,061 - keyword_analyzer - INFO - 发现markdown文件: data\keywords.md
2025-10-24 15:01:10,061 - keyword_analyzer - INFO - 从 data\keywords.md 读取了 2 个关键词
2025-10-24 15:01:10,061 - keyword_analyzer - INFO - 已加载关键词筛选规则，共 2 个关键词
2025-10-24 15:01:10,061 - keyword_analyzer - INFO - 从keywords.md读取到的关键词模式: powerpoint|slide
2025-10-24 15:01:10,061 - keyword_analyzer - INFO - 已设置默认关键词模式: powerpoint|slide
2025-10-24 15:01:10,061 - keyword_analyzer - INFO - 已配置通义模型: tongyi
2025-10-24 15:01:10,072 - keyword_analyzer - INFO - 日志文件已创建: D:\pythonproject\seo-select\logs\keyword_analysis_20251024_150110.log
2025-10-24 15:01:10,076 - keyword_analyzer - INFO - 已加载.env文件: D:\pythonproject\seo-select\.env
2025-10-24 15:01:10,076 - keyword_analyzer - INFO - 开始从keywords.md文件读取关键词
2025-10-24 15:01:10,076 - keyword_analyzer - INFO - 开始从markdown文件读取关键词筛选规则，文件夹: data
2025-10-24 15:01:10,077 - keyword_analyzer - INFO - 发现markdown文件: data\keywords.md
2025-10-24 15:01:10,077 - keyword_analyzer - INFO - 从 data\keywords.md 读取了 2 个关键词
2025-10-24 15:01:10,077 - keyword_analyzer - INFO - 已加载关键词筛选规则，共 2 个关键词
2025-10-24 15:01:10,077 - keyword_analyzer - INFO - 从keywords.md读取到的关键词模式: powerpoint|slide
2025-10-24 15:01:10,077 - keyword_analyzer - INFO - 已设置默认关键词模式: powerpoint|slide
2025-10-24 15:01:10,077 - keyword_analyzer - INFO - 已配置通义模型: tongyi
2025-10-24 15:01:10,083 - keyword_analyzer - INFO - 已加载.env文件: D:\pythonproject\seo-select\.env
2025-10-24 15:01:10,083 - keyword_analyzer - INFO - 开始从keywords.md文件读取关键词
2025-10-24 15:01:10,084 - keyword_analyzer - INFO - 开始从markdown文件读取关键词筛选规则，文件夹: data
2025-10-24 15:01:10,084 - keyword_analyzer - INFO - 发现markdown文件: data\keywords.md
2025-10-24 15:01:10,084 - keyword_analyzer - INFO - 从 data\keywords.md 读取了 2 个关键词
2025-10-24 15:01:10,084 - keyword_analyzer - INFO - 已加载关键词筛选规则，共 2 个关键词
2025-10-24 15:01:10,084 - keyword_analyzer - INFO - 从keywords.md读取到的关键词模式: powerpoint|slide
2025-10-24 15:01:10,084 - keyword_analyzer - INFO - 已设置默认关键词模式: powerpoint|slide
2025-10-24 15:01:10,085 - keyword_analyzer - INFO - 已配置通义模型: tongyi
